{"message":"Something failed during startup...","stack":"Error: Something failed during startup...\n    at Object.<anonymous> (/mnt/d/projects/dapp/nodejs-starter/genres-endpoint/index.js:34:7)\n    at Module._compile (internal/modules/cjs/loader.js:1063:30)\n    at Object.Module._extensions..js (internal/modules/cjs/loader.js:1092:10)\n    at Module.load (internal/modules/cjs/loader.js:928:32)\n    at Function.Module._load (internal/modules/cjs/loader.js:769:14)\n    at Function.executeUserEntryPoint [as runMain] (internal/modules/run_main.js:72:12)\n    at internal/main/run_main_module.js:17:47","level":"error","timestamp":"2022-09-04T16:37:49.404Z"}
{"message":"Something failed during startup...","stack":"Error: Something failed during startup...\n    at Object.<anonymous> (/mnt/d/projects/dapp/nodejs-starter/genres-endpoint/index.js:34:7)\n    at Module._compile (internal/modules/cjs/loader.js:1063:30)\n    at Object.Module._extensions..js (internal/modules/cjs/loader.js:1092:10)\n    at Module.load (internal/modules/cjs/loader.js:928:32)\n    at Function.Module._load (internal/modules/cjs/loader.js:769:14)\n    at Function.executeUserEntryPoint [as runMain] (internal/modules/run_main.js:72:12)\n    at internal/main/run_main_module.js:17:47","level":"info","timestamp":"2022-09-04T16:39:02.043Z"}
{"message":"Something failed miserably ....","stack":"Error: Something failed miserably ....\n    at Object.<anonymous> (/mnt/d/projects/dapp/nodejs-starter/genres-endpoint/index.js:39:27)\n    at Module._compile (internal/modules/cjs/loader.js:1063:30)\n    at Object.Module._extensions..js (internal/modules/cjs/loader.js:1092:10)\n    at Module.load (internal/modules/cjs/loader.js:928:32)\n    at Function.Module._load (internal/modules/cjs/loader.js:769:14)\n    at Function.executeUserEntryPoint [as runMain] (internal/modules/run_main.js:72:12)\n    at internal/main/run_main_module.js:17:47","level":"error","timestamp":"2022-09-06T16:40:09.973Z"}
{"level":"info","message":"Connected to MongoDB...","timestamp":"2022-09-12T16:55:12.486Z"}
{"level":"info","message":"Connected to MongoDB...","timestamp":"2022-09-17T11:14:28.244Z"}
{"level":"info","message":"Listening on port 5000","timestamp":"2022-09-17T11:30:43.444Z"}
{"level":"info","message":"Connected to MongoDB...","timestamp":"2022-09-17T11:30:45.304Z"}
{"level":"info","message":"Listening on port 5000","timestamp":"2022-09-26T13:48:57.328Z"}
{"level":"info","message":"Listening on port 5000","timestamp":"2022-09-26T13:53:03.737Z"}
{"level":"info","message":"Connected to Mongodb ...","timestamp":"2022-09-26T13:53:05.445Z"}
{"level":"info","message":"Listening on port 5000","timestamp":"2022-09-26T13:53:31.684Z"}
{"level":"info","message":"Connected to Mongodb ...","timestamp":"2022-09-26T13:53:33.419Z"}
{"level":"info","message":"Listening on port 5000","timestamp":"2022-09-26T14:02:26.907Z"}
{"level":"info","message":"Listening on port 5000","timestamp":"2022-09-26T14:03:42.561Z"}
{"level":"info","message":"Listening on port 5000","timestamp":"2022-09-26T14:05:34.080Z"}
{"level":"info","message":"Listening on port 5000","timestamp":"2022-09-26T14:07:07.145Z"}
{"level":"info","message":"Connected to @starship.daconsulting.co.za/vidly...","timestamp":"2022-09-26T14:07:08.871Z"}
{"level":"info","message":"Listening on port 5000","timestamp":"2022-09-26T14:37:59.045Z"}
{"level":"info","message":"Listening on port 5000","timestamp":"2022-09-26T14:38:45.651Z"}
{"level":"info","message":"Connected to mongodb://nodejs:nodejs@starship.daconsulting.co.za/vidly...","timestamp":"2022-09-26T14:38:47.362Z"}
{"level":"info","message":"Listening on port 5000","timestamp":"2022-09-26T14:42:03.779Z"}
{"level":"info","message":"Connected to mongodb://nodejs:nodejs@starship.daconsulting.co.za/vidly...","timestamp":"2022-09-26T14:42:05.481Z"}
{"level":"info","message":"Listening on port 5000","timestamp":"2022-09-26T16:21:33.399Z"}
{"level":"info","message":"Connected to starship.daconsulting.co.za/vidly...","timestamp":"2022-09-26T16:21:35.108Z"}
{"level":"info","message":"Listening on port 5000","timestamp":"2022-09-26T16:26:40.133Z"}
{"level":"info","message":"Connected to starship.daconsulting.co.za/vidly...","timestamp":"2022-09-26T16:26:41.818Z"}
{"level":"info","message":"Listening on port 3000","timestamp":"2022-09-26T17:02:21.850Z"}
{"level":"info","message":"Listening on port 5000","timestamp":"2022-09-26T17:03:15.737Z"}
{"level":"info","message":"Listening on port 5000","timestamp":"2022-09-27T08:50:20.857Z"}
{"level":"info","message":"Connected to starship.daconsulting.co.za/playground...","timestamp":"2022-09-27T08:50:22.543Z"}
{"level":"info","message":"Listening on port 5000","timestamp":"2022-09-27T09:35:12.861Z"}
{"level":"info","message":"Connected to starship.daconsulting.co.za/playground...","timestamp":"2022-09-27T09:35:14.500Z"}
{"level":"info","message":"Listening on port 5000","timestamp":"2022-09-27T10:20:05.830Z"}
{"level":"info","message":"Connected to starship.daconsulting.co.za/playground...","timestamp":"2022-09-27T10:20:07.678Z"}
{"level":"info","message":"Listening on port 5000","timestamp":"2022-09-27T10:20:48.435Z"}
{"level":"info","message":"Connected to starship.daconsulting.co.za/playground...","timestamp":"2022-09-27T10:20:50.154Z"}
{"level":"info","message":"Listening on port 5000","timestamp":"2022-09-27T10:21:01.171Z"}
{"level":"info","message":"Connected to starship.daconsulting.co.za/playground...","timestamp":"2022-09-27T10:21:02.921Z"}
{"level":"info","message":"Listening on port 5000","timestamp":"2022-09-27T10:23:27.208Z"}
{"level":"info","message":"Connected to starship.daconsulting.co.za/playground...","timestamp":"2022-09-27T10:23:28.908Z"}
{"level":"info","message":"Listening on port 5000","timestamp":"2022-09-27T10:24:30.236Z"}
{"level":"info","message":"Connected to starship.daconsulting.co.za/playground...","timestamp":"2022-09-27T10:24:31.979Z"}
{"level":"info","message":"Listening on port 5000","timestamp":"2022-09-27T10:28:25.726Z"}
{"level":"info","message":"Connected to starship.daconsulting.co.za/playground...","timestamp":"2022-09-27T10:28:27.421Z"}
{"level":"info","message":"Listening on port 5000","timestamp":"2022-09-27T10:29:15.356Z"}
{"level":"info","message":"Connected to starship.daconsulting.co.za/playground...","timestamp":"2022-09-27T10:29:17.066Z"}
{"level":"info","message":"Listening on port 5000","timestamp":"2022-09-27T10:29:43.834Z"}
{"level":"info","message":"Connected to starship.daconsulting.co.za/playground...","timestamp":"2022-09-27T10:29:45.554Z"}
{"level":"info","message":"Listening on port 5000","timestamp":"2022-09-27T10:30:06.594Z"}
{"level":"info","message":"Connected to starship.daconsulting.co.za/playground...","timestamp":"2022-09-27T10:30:08.336Z"}
{"level":"info","message":"Listening on port 5000","timestamp":"2022-09-27T10:30:20.529Z"}
{"level":"info","message":"Connected to starship.daconsulting.co.za/playground...","timestamp":"2022-09-27T10:30:22.271Z"}
{"level":"info","message":"Listening on port 5000","timestamp":"2022-09-27T10:33:37.615Z"}
{"level":"info","message":"Connected to starship.daconsulting.co.za/playground...","timestamp":"2022-09-27T10:33:39.320Z"}
{"level":"info","message":"Listening on port 5000","timestamp":"2022-09-27T10:34:01.704Z"}
{"level":"info","message":"Connected to starship.daconsulting.co.za/playground...","timestamp":"2022-09-27T10:34:03.439Z"}
{"level":"info","message":"Listening on port 5000","timestamp":"2022-09-27T10:34:29.857Z"}
{"level":"info","message":"Connected to starship.daconsulting.co.za/playground...","timestamp":"2022-09-27T10:34:31.567Z"}
{"level":"info","message":"Listening on port 5000","timestamp":"2022-09-27T12:26:18.346Z"}
{"level":"info","message":"Connected to starship.daconsulting.co.za/playground...","timestamp":"2022-09-27T12:26:20.281Z"}
{"level":"info","message":"Listening on port 5000","timestamp":"2022-09-27T12:27:07.827Z"}
{"level":"info","message":"Connected to starship.daconsulting.co.za/playground...","timestamp":"2022-09-27T12:27:09.572Z"}
{"level":"info","message":"Listening on port 5000","timestamp":"2022-09-27T12:59:30.758Z"}
{"level":"info","message":"Connected to starship.daconsulting.co.za/playground...","timestamp":"2022-09-27T12:59:32.494Z"}
{"level":"info","message":"Listening on port 5000","timestamp":"2022-09-27T13:03:12.020Z"}
{"level":"info","message":"Connected to starship.daconsulting.co.za/playground...","timestamp":"2022-09-27T13:03:13.763Z"}
{"level":"info","message":"Listening on port 5000","timestamp":"2022-09-27T13:04:18.581Z"}
{"level":"info","message":"Connected to starship.daconsulting.co.za/playground...","timestamp":"2022-09-27T13:04:20.328Z"}
{"level":"info","message":"Listening on port 5000","timestamp":"2022-09-27T13:29:11.719Z"}
{"level":"info","message":"Connected to starship.daconsulting.co.za/playground...","timestamp":"2022-09-27T13:29:13.421Z"}
{"message":"Cannot read property 'isValid' of undefined","stack":"TypeError: Cannot read property 'isValid' of undefined\n    at handler (/mnt/d/projects/dapp/nodejs-starter/genres-endpoint/routes/genres.js:22:35)\n    at /mnt/d/projects/dapp/nodejs-starter/genres-endpoint/middleware/async.js:6:15\n    at newFn (/mnt/d/projects/dapp/nodejs-starter/genres-endpoint/node_modules/express-async-errors/index.js:16:20)\n    at Layer.handle [as handle_request] (/mnt/d/projects/dapp/nodejs-starter/genres-endpoint/node_modules/express/lib/router/layer.js:95:5)\n    at next (/mnt/d/projects/dapp/nodejs-starter/genres-endpoint/node_modules/express/lib/router/route.js:144:13)\n    at Route.dispatch (/mnt/d/projects/dapp/nodejs-starter/genres-endpoint/node_modules/express/lib/router/route.js:114:3)\n    at newFn (/mnt/d/projects/dapp/nodejs-starter/genres-endpoint/node_modules/express-async-errors/index.js:16:20)\n    at Layer.handle [as handle_request] (/mnt/d/projects/dapp/nodejs-starter/genres-endpoint/node_modules/express/lib/router/layer.js:95:5)\n    at /mnt/d/projects/dapp/nodejs-starter/genres-endpoint/node_modules/express/lib/router/index.js:284:15\n    at param (/mnt/d/projects/dapp/nodejs-starter/genres-endpoint/node_modules/express/lib/router/index.js:365:14)\n    at param (/mnt/d/projects/dapp/nodejs-starter/genres-endpoint/node_modules/express/lib/router/index.js:376:14)\n    at Function.process_params (/mnt/d/projects/dapp/nodejs-starter/genres-endpoint/node_modules/express/lib/router/index.js:421:3)\n    at next (/mnt/d/projects/dapp/nodejs-starter/genres-endpoint/node_modules/express/lib/router/index.js:280:10)\n    at Function.handle (/mnt/d/projects/dapp/nodejs-starter/genres-endpoint/node_modules/express/lib/router/index.js:175:3)\n    at router (/mnt/d/projects/dapp/nodejs-starter/genres-endpoint/node_modules/express/lib/router/index.js:47:12)\n    at newFn (/mnt/d/projects/dapp/nodejs-starter/genres-endpoint/node_modules/express-async-errors/index.js:16:20)","level":"error","timestamp":"2022-09-27T13:29:15.213Z"}
{"message":"Cannot read property 'isValid' of undefined","stack":"TypeError: Cannot read property 'isValid' of undefined\n    at handler (/mnt/d/projects/dapp/nodejs-starter/genres-endpoint/routes/genres.js:22:35)\n    at /mnt/d/projects/dapp/nodejs-starter/genres-endpoint/middleware/async.js:6:15\n    at newFn (/mnt/d/projects/dapp/nodejs-starter/genres-endpoint/node_modules/express-async-errors/index.js:16:20)\n    at Layer.handle [as handle_request] (/mnt/d/projects/dapp/nodejs-starter/genres-endpoint/node_modules/express/lib/router/layer.js:95:5)\n    at next (/mnt/d/projects/dapp/nodejs-starter/genres-endpoint/node_modules/express/lib/router/route.js:144:13)\n    at Route.dispatch (/mnt/d/projects/dapp/nodejs-starter/genres-endpoint/node_modules/express/lib/router/route.js:114:3)\n    at newFn (/mnt/d/projects/dapp/nodejs-starter/genres-endpoint/node_modules/express-async-errors/index.js:16:20)\n    at Layer.handle [as handle_request] (/mnt/d/projects/dapp/nodejs-starter/genres-endpoint/node_modules/express/lib/router/layer.js:95:5)\n    at /mnt/d/projects/dapp/nodejs-starter/genres-endpoint/node_modules/express/lib/router/index.js:284:15\n    at param (/mnt/d/projects/dapp/nodejs-starter/genres-endpoint/node_modules/express/lib/router/index.js:365:14)\n    at param (/mnt/d/projects/dapp/nodejs-starter/genres-endpoint/node_modules/express/lib/router/index.js:376:14)\n    at Function.process_params (/mnt/d/projects/dapp/nodejs-starter/genres-endpoint/node_modules/express/lib/router/index.js:421:3)\n    at next (/mnt/d/projects/dapp/nodejs-starter/genres-endpoint/node_modules/express/lib/router/index.js:280:10)\n    at Function.handle (/mnt/d/projects/dapp/nodejs-starter/genres-endpoint/node_modules/express/lib/router/index.js:175:3)\n    at router (/mnt/d/projects/dapp/nodejs-starter/genres-endpoint/node_modules/express/lib/router/index.js:47:12)\n    at newFn (/mnt/d/projects/dapp/nodejs-starter/genres-endpoint/node_modules/express-async-errors/index.js:16:20)","level":"error","timestamp":"2022-09-27T13:29:15.510Z"}
{"level":"info","message":"Listening on port 5000","timestamp":"2022-09-27T13:59:26.613Z"}
{"level":"info","message":"Connected to starship.daconsulting.co.za/playground...","timestamp":"2022-09-27T13:59:28.359Z"}
{"message":"Cast to ObjectId failed for value \"1\" (type string) at path \"_id\" for model \"Genre\"","stack":"CastError: Cast to ObjectId failed for value \"1\" (type string) at path \"_id\" for model \"Genre\"\n    at model.Query.exec (/mnt/d/projects/dapp/nodejs-starter/genres-endpoint/node_modules/mongoose/lib/query.js:4803:21)\n    at model.Query.Object.<anonymous>.Query.then (/mnt/d/projects/dapp/nodejs-starter/genres-endpoint/node_modules/mongoose/lib/query.js:4902:15)\n    at processTicksAndRejections (internal/process/task_queues.js:93:5)","stringValue":"\"1\"","kind":"ObjectId","value":"1","path":"_id","reason":{},"valueType":"string","level":"error","timestamp":"2022-09-27T13:59:30.578Z"}
{"level":"info","message":"Listening on port 5000","timestamp":"2022-09-27T14:05:31.250Z"}
{"level":"info","message":"Connected to starship.daconsulting.co.za/playground...","timestamp":"2022-09-27T14:05:32.999Z"}
{"message":"Cannot read property 'isValid' of undefined","stack":"TypeError: Cannot read property 'isValid' of undefined\n    at Object.<anonymous>.module.exports (/mnt/d/projects/dapp/nodejs-starter/genres-endpoint/middleware/validateObjectId.js:5:35)\n    at newFn (/mnt/d/projects/dapp/nodejs-starter/genres-endpoint/node_modules/express-async-errors/index.js:16:20)\n    at Layer.handle [as handle_request] (/mnt/d/projects/dapp/nodejs-starter/genres-endpoint/node_modules/express/lib/router/layer.js:95:5)\n    at next (/mnt/d/projects/dapp/nodejs-starter/genres-endpoint/node_modules/express/lib/router/route.js:144:13)\n    at Route.dispatch (/mnt/d/projects/dapp/nodejs-starter/genres-endpoint/node_modules/express/lib/router/route.js:114:3)\n    at newFn (/mnt/d/projects/dapp/nodejs-starter/genres-endpoint/node_modules/express-async-errors/index.js:16:20)\n    at Layer.handle [as handle_request] (/mnt/d/projects/dapp/nodejs-starter/genres-endpoint/node_modules/express/lib/router/layer.js:95:5)\n    at /mnt/d/projects/dapp/nodejs-starter/genres-endpoint/node_modules/express/lib/router/index.js:284:15\n    at param (/mnt/d/projects/dapp/nodejs-starter/genres-endpoint/node_modules/express/lib/router/index.js:365:14)\n    at param (/mnt/d/projects/dapp/nodejs-starter/genres-endpoint/node_modules/express/lib/router/index.js:376:14)\n    at Function.process_params (/mnt/d/projects/dapp/nodejs-starter/genres-endpoint/node_modules/express/lib/router/index.js:421:3)\n    at next (/mnt/d/projects/dapp/nodejs-starter/genres-endpoint/node_modules/express/lib/router/index.js:280:10)\n    at Function.handle (/mnt/d/projects/dapp/nodejs-starter/genres-endpoint/node_modules/express/lib/router/index.js:175:3)\n    at router (/mnt/d/projects/dapp/nodejs-starter/genres-endpoint/node_modules/express/lib/router/index.js:47:12)\n    at newFn (/mnt/d/projects/dapp/nodejs-starter/genres-endpoint/node_modules/express-async-errors/index.js:16:20)\n    at Layer.handle [as handle_request] (/mnt/d/projects/dapp/nodejs-starter/genres-endpoint/node_modules/express/lib/router/layer.js:95:5)","level":"error","timestamp":"2022-09-27T14:05:34.741Z"}
{"message":"Cannot read property 'isValid' of undefined","stack":"TypeError: Cannot read property 'isValid' of undefined\n    at Object.<anonymous>.module.exports (/mnt/d/projects/dapp/nodejs-starter/genres-endpoint/middleware/validateObjectId.js:5:35)\n    at newFn (/mnt/d/projects/dapp/nodejs-starter/genres-endpoint/node_modules/express-async-errors/index.js:16:20)\n    at Layer.handle [as handle_request] (/mnt/d/projects/dapp/nodejs-starter/genres-endpoint/node_modules/express/lib/router/layer.js:95:5)\n    at next (/mnt/d/projects/dapp/nodejs-starter/genres-endpoint/node_modules/express/lib/router/route.js:144:13)\n    at Route.dispatch (/mnt/d/projects/dapp/nodejs-starter/genres-endpoint/node_modules/express/lib/router/route.js:114:3)\n    at newFn (/mnt/d/projects/dapp/nodejs-starter/genres-endpoint/node_modules/express-async-errors/index.js:16:20)\n    at Layer.handle [as handle_request] (/mnt/d/projects/dapp/nodejs-starter/genres-endpoint/node_modules/express/lib/router/layer.js:95:5)\n    at /mnt/d/projects/dapp/nodejs-starter/genres-endpoint/node_modules/express/lib/router/index.js:284:15\n    at param (/mnt/d/projects/dapp/nodejs-starter/genres-endpoint/node_modules/express/lib/router/index.js:365:14)\n    at param (/mnt/d/projects/dapp/nodejs-starter/genres-endpoint/node_modules/express/lib/router/index.js:376:14)\n    at Function.process_params (/mnt/d/projects/dapp/nodejs-starter/genres-endpoint/node_modules/express/lib/router/index.js:421:3)\n    at next (/mnt/d/projects/dapp/nodejs-starter/genres-endpoint/node_modules/express/lib/router/index.js:280:10)\n    at Function.handle (/mnt/d/projects/dapp/nodejs-starter/genres-endpoint/node_modules/express/lib/router/index.js:175:3)\n    at router (/mnt/d/projects/dapp/nodejs-starter/genres-endpoint/node_modules/express/lib/router/index.js:47:12)\n    at newFn (/mnt/d/projects/dapp/nodejs-starter/genres-endpoint/node_modules/express-async-errors/index.js:16:20)\n    at Layer.handle [as handle_request] (/mnt/d/projects/dapp/nodejs-starter/genres-endpoint/node_modules/express/lib/router/layer.js:95:5)","level":"error","timestamp":"2022-09-27T14:05:35.019Z"}
{"level":"info","message":"Listening on port 5000","timestamp":"2022-09-27T14:18:39.022Z"}
{"level":"info","message":"Connected to starship.daconsulting.co.za/playground...","timestamp":"2022-09-27T14:18:40.784Z"}
{"level":"info","message":"Listening on port 5000","timestamp":"2022-09-28T09:55:21.107Z"}
{"level":"info","message":"Connected to starship.daconsulting.co.za/playground...","timestamp":"2022-09-28T09:55:22.712Z"}
{"level":"info","message":"Listening on port 5000","timestamp":"2022-09-28T10:04:00.795Z"}
{"level":"info","message":"Connected to starship.daconsulting.co.za/playground...","timestamp":"2022-09-28T10:04:02.511Z"}
{"level":"info","message":"Listening on port 5000","timestamp":"2022-09-28T10:17:38.460Z"}
{"level":"info","message":"Connected to starship.daconsulting.co.za/playground...","timestamp":"2022-09-28T10:17:40.143Z"}
{"level":"info","message":"Listening on port 5000","timestamp":"2022-09-28T10:23:30.742Z"}
{"level":"info","message":"Connected to starship.daconsulting.co.za/playground...","timestamp":"2022-09-28T10:23:32.425Z"}
{"level":"info","message":"Listening on port 5000","timestamp":"2022-09-28T10:26:21.697Z"}
{"level":"info","message":"Connected to starship.daconsulting.co.za/playground...","timestamp":"2022-09-28T10:26:23.398Z"}
{"message":"Genre validation failed: name: Path `name` (`aaaaaaaaaaaaaaaaaaaaaaaaaaaaaaaaaaaaaaaaaaaaaaaaaaa`) is longer than the maximum allowed length (50).","stack":"ValidationError: Genre validation failed: name: Path `name` (`aaaaaaaaaaaaaaaaaaaaaaaaaaaaaaaaaaaaaaaaaaaaaaaaaaa`) is longer than the maximum allowed length (50).\n    at model.Object.<anonymous>.Document.invalidate (/mnt/d/projects/dapp/nodejs-starter/genres-endpoint/node_modules/mongoose/lib/document.js:3051:32)\n    at /mnt/d/projects/dapp/nodejs-starter/genres-endpoint/node_modules/mongoose/lib/document.js:2839:17\n    at /mnt/d/projects/dapp/nodejs-starter/genres-endpoint/node_modules/mongoose/lib/schematype.js:1340:9\n    at processTicksAndRejections (internal/process/task_queues.js:75:11)","errors":{"name":{"name":"ValidatorError","message":"Path `name` (`aaaaaaaaaaaaaaaaaaaaaaaaaaaaaaaaaaaaaaaaaaaaaaaaaaa`) is longer than the maximum allowed length (50).","properties":{"message":"Path `name` (`aaaaaaaaaaaaaaaaaaaaaaaaaaaaaaaaaaaaaaaaaaaaaaaaaaa`) is longer than the maximum allowed length (50).","type":"maxlength","maxlength":50,"path":"name","value":"aaaaaaaaaaaaaaaaaaaaaaaaaaaaaaaaaaaaaaaaaaaaaaaaaaa"},"kind":"maxlength","path":"name","value":"aaaaaaaaaaaaaaaaaaaaaaaaaaaaaaaaaaaaaaaaaaaaaaaaaaa"}},"_message":"Genre validation failed","level":"error","timestamp":"2022-09-28T10:26:26.172Z"}
{"level":"info","message":"Listening on port 5000","timestamp":"2022-09-28T10:28:35.046Z"}
{"level":"info","message":"Connected to starship.daconsulting.co.za/playground...","timestamp":"2022-09-28T10:28:36.751Z"}
{"level":"info","message":"Listening on port 5000","timestamp":"2022-09-28T10:34:52.446Z"}
{"level":"info","message":"Connected to starship.daconsulting.co.za/playground...","timestamp":"2022-09-28T10:34:54.150Z"}
{"level":"info","message":"Listening on port 5000","timestamp":"2022-09-28T10:37:32.385Z"}
{"level":"info","message":"Connected to starship.daconsulting.co.za/playground...","timestamp":"2022-09-28T10:37:34.070Z"}
{"level":"info","message":"Listening on port 5000","timestamp":"2022-09-28T12:59:16.969Z"}
{"level":"info","message":"Connected to starship.daconsulting.co.za/playground...","timestamp":"2022-09-28T12:59:18.596Z"}
{"level":"info","message":"Listening on port 5000","timestamp":"2022-09-28T12:59:43.679Z"}
{"level":"info","message":"Connected to starship.daconsulting.co.za/playground...","timestamp":"2022-09-28T12:59:45.303Z"}
{"level":"info","message":"Listening on port 5000","timestamp":"2022-09-28T13:30:48.060Z"}
{"level":"info","message":"Connected to starship.daconsulting.co.za/playground...","timestamp":"2022-09-28T13:30:49.782Z"}
{"level":"info","message":"Listening on port 5000","timestamp":"2022-09-28T13:32:34.099Z"}
{"level":"info","message":"Connected to starship.daconsulting.co.za/playground...","timestamp":"2022-09-28T13:32:35.804Z"}
{"level":"info","message":"Listening on port 5000","timestamp":"2022-09-28T13:33:05.197Z"}
{"level":"info","message":"Connected to starship.daconsulting.co.za/playground...","timestamp":"2022-09-28T13:33:06.853Z"}
{"level":"info","message":"Listening on port 5000","timestamp":"2022-09-28T13:34:13.835Z"}
{"level":"info","message":"Connected to starship.daconsulting.co.za/playground...","timestamp":"2022-09-28T13:34:15.490Z"}
{"level":"info","message":"Listening on port 5000","timestamp":"2022-09-28T13:44:21.453Z"}
{"level":"info","message":"Connected to starship.daconsulting.co.za/playground...","timestamp":"2022-09-28T13:44:23.151Z"}
{"level":"info","message":"Listening on port 5000","timestamp":"2022-09-28T13:48:01.173Z"}
{"level":"info","message":"Connected to starship.daconsulting.co.za/playground...","timestamp":"2022-09-28T13:48:02.849Z"}
{"level":"info","message":"Listening on port 5000","timestamp":"2022-09-28T13:51:23.418Z"}
{"level":"info","message":"Connected to starship.daconsulting.co.za/playground...","timestamp":"2022-09-28T13:51:25.087Z"}
{"level":"info","message":"Listening on port 5000","timestamp":"2022-09-28T13:52:22.713Z"}
{"level":"info","message":"Connected to starship.daconsulting.co.za/playground...","timestamp":"2022-09-28T13:52:24.398Z"}
{"level":"info","message":"Listening on port 5000","timestamp":"2022-09-29T06:52:20.823Z"}
{"level":"info","message":"Connected to starship.daconsulting.co.za/playground...","timestamp":"2022-09-29T06:52:22.450Z"}
{"level":"info","message":"Listening on port 5000","timestamp":"2022-09-29T06:53:43.314Z"}
{"level":"info","message":"Connected to starship.daconsulting.co.za/playground...","timestamp":"2022-09-29T06:53:44.969Z"}
{"level":"info","message":"Listening on port 5000","timestamp":"2022-09-29T06:55:02.097Z"}
{"level":"info","message":"Connected to starship.daconsulting.co.za/playground...","timestamp":"2022-09-29T06:55:03.755Z"}
{"level":"info","message":"Listening on port 5000","timestamp":"2022-09-29T07:00:52.534Z"}
{"level":"info","message":"Connected to starship.daconsulting.co.za/playground...","timestamp":"2022-09-29T07:00:54.199Z"}
{"level":"info","message":"Listening on port 5000","timestamp":"2022-09-29T07:03:32.531Z"}
{"level":"info","message":"Connected to starship.daconsulting.co.za/playground...","timestamp":"2022-09-29T07:03:34.207Z"}
{"level":"info","message":"Listening on port 5000","timestamp":"2022-09-29T07:37:35.461Z"}
{"level":"info","message":"Connected to starship.daconsulting.co.za/playground...","timestamp":"2022-09-29T07:37:37.196Z"}
{"level":"info","message":"Listening on port 5000","timestamp":"2022-09-29T07:39:03.202Z"}
{"level":"info","message":"Listening on port 5000","timestamp":"2022-09-29T07:39:03.660Z"}
{"level":"info","message":"Connected to starship.daconsulting.co.za/playground...","timestamp":"2022-09-29T07:39:04.918Z"}
{"level":"info","message":"Connected to starship.daconsulting.co.za/playground...","timestamp":"2022-09-29T07:39:05.393Z"}
{"level":"info","message":"Listening on port 5000","timestamp":"2022-09-29T07:40:04.978Z"}
{"level":"info","message":"Listening on port 5000","timestamp":"2022-09-29T07:40:05.891Z"}
{"level":"info","message":"Connected to starship.daconsulting.co.za/playground...","timestamp":"2022-09-29T07:40:06.676Z"}
{"level":"info","message":"Connected to starship.daconsulting.co.za/playground...","timestamp":"2022-09-29T07:40:07.477Z"}
{"level":"info","message":"Listening on port 5000","timestamp":"2022-09-29T07:51:40.768Z"}
{"level":"info","message":"Listening on port 5000","timestamp":"2022-09-29T07:51:41.208Z"}
{"level":"info","message":"Connected to starship.daconsulting.co.za/playground...","timestamp":"2022-09-29T07:51:42.464Z"}
{"level":"info","message":"Connected to starship.daconsulting.co.za/playground...","timestamp":"2022-09-29T07:51:42.946Z"}
{"level":"info","message":"Listening on port 5000","timestamp":"2022-09-29T07:53:11.121Z"}
{"level":"info","message":"Listening on port 5000","timestamp":"2022-09-29T07:53:11.642Z"}
{"level":"info","message":"Connected to starship.daconsulting.co.za/playground...","timestamp":"2022-09-29T07:53:12.876Z"}
{"level":"info","message":"Connected to starship.daconsulting.co.za/playground...","timestamp":"2022-09-29T07:53:13.339Z"}
{"level":"info","message":"Listening on port 5000","timestamp":"2022-09-29T07:54:06.133Z"}
{"level":"info","message":"Listening on port 5000","timestamp":"2022-09-29T07:54:06.215Z"}
{"level":"info","message":"Connected to starship.daconsulting.co.za/playground...","timestamp":"2022-09-29T07:54:07.807Z"}
{"level":"info","message":"Connected to starship.daconsulting.co.za/playground...","timestamp":"2022-09-29T07:54:07.864Z"}
{"level":"info","message":"Listening on port 5000","timestamp":"2022-09-29T07:55:07.165Z"}
{"level":"info","message":"Listening on port 5000","timestamp":"2022-09-29T07:55:07.714Z"}
{"level":"info","message":"Connected to starship.daconsulting.co.za/playground...","timestamp":"2022-09-29T07:55:08.848Z"}
{"level":"info","message":"Connected to starship.daconsulting.co.za/playground...","timestamp":"2022-09-29T07:55:09.401Z"}
{"level":"info","message":"Listening on port 5000","timestamp":"2022-09-29T07:55:19.128Z"}
{"level":"info","message":"Listening on port 5000","timestamp":"2022-09-29T07:55:19.554Z"}
{"level":"info","message":"Connected to starship.daconsulting.co.za/playground...","timestamp":"2022-09-29T07:55:20.811Z"}
{"level":"info","message":"Connected to starship.daconsulting.co.za/playground...","timestamp":"2022-09-29T07:55:21.223Z"}
{"level":"info","message":"Listening on port 5000","timestamp":"2022-09-29T07:58:59.248Z"}
{"level":"info","message":"Listening on port 5000","timestamp":"2022-09-29T07:58:59.722Z"}
{"level":"info","message":"Connected to starship.daconsulting.co.za/playground...","timestamp":"2022-09-29T07:59:00.924Z"}
{"level":"info","message":"Connected to starship.daconsulting.co.za/playground...","timestamp":"2022-09-29T07:59:01.427Z"}
{"level":"info","message":"Listening on port 5000","timestamp":"2022-09-29T07:59:51.995Z"}
{"level":"info","message":"Listening on port 5000","timestamp":"2022-09-29T07:59:52.020Z"}
{"level":"info","message":"Connected to starship.daconsulting.co.za/playground...","timestamp":"2022-09-29T07:59:53.667Z"}
{"level":"info","message":"Connected to starship.daconsulting.co.za/playground...","timestamp":"2022-09-29T07:59:53.706Z"}
{"level":"info","message":"Listening on port 5000","timestamp":"2022-09-29T08:01:47.627Z"}
{"level":"info","message":"Listening on port 5000","timestamp":"2022-09-29T08:01:47.708Z"}
{"level":"info","message":"Connected to starship.daconsulting.co.za/playground...","timestamp":"2022-09-29T08:01:49.304Z"}
{"level":"info","message":"Connected to starship.daconsulting.co.za/playground...","timestamp":"2022-09-29T08:01:49.374Z"}
{"level":"info","message":"Listening on port 5000","timestamp":"2022-09-29T08:01:59.923Z"}
{"level":"info","message":"Listening on port 5000","timestamp":"2022-09-29T08:01:59.939Z"}
{"level":"info","message":"Connected to starship.daconsulting.co.za/playground...","timestamp":"2022-09-29T08:02:01.622Z"}
{"level":"info","message":"Connected to starship.daconsulting.co.za/playground...","timestamp":"2022-09-29T08:02:01.669Z"}
{"level":"info","message":"Listening on port 5000","timestamp":"2022-09-29T08:04:45.344Z"}
{"level":"info","message":"Listening on port 5000","timestamp":"2022-09-29T08:04:45.401Z"}
{"level":"info","message":"Connected to starship.daconsulting.co.za/playground...","timestamp":"2022-09-29T08:04:47.019Z"}
{"level":"info","message":"Connected to starship.daconsulting.co.za/playground...","timestamp":"2022-09-29T08:04:47.121Z"}
{"level":"info","message":"Listening on port 5000","timestamp":"2022-09-29T08:08:52.149Z"}
{"level":"info","message":"Connected to starship.daconsulting.co.za/playground...","timestamp":"2022-09-29T08:08:53.842Z"}
{"level":"info","message":"Listening on port 5000","timestamp":"2022-09-29T08:09:17.570Z"}
{"level":"info","message":"Connected to starship.daconsulting.co.za/playground...","timestamp":"2022-09-29T08:09:19.301Z"}
{"level":"info","message":"Listening on port 5000","timestamp":"2022-09-29T08:09:52.204Z"}
{"level":"info","message":"Listening on port 5000","timestamp":"2022-09-29T08:09:52.819Z"}
{"level":"info","message":"Connected to starship.daconsulting.co.za/playground...","timestamp":"2022-09-29T08:09:53.872Z"}
{"level":"info","message":"Connected to starship.daconsulting.co.za/playground...","timestamp":"2022-09-29T08:09:54.491Z"}
{"level":"info","message":"Listening on port 5000","timestamp":"2022-09-29T08:12:54.408Z"}
{"level":"info","message":"Listening on port 5000","timestamp":"2022-09-29T08:12:54.425Z"}
{"level":"info","message":"Connected to starship.daconsulting.co.za/playground...","timestamp":"2022-09-29T08:12:56.207Z"}
{"level":"info","message":"Connected to starship.daconsulting.co.za/playground...","timestamp":"2022-09-29T08:12:56.207Z"}
{"level":"info","message":"Listening on port 5000","timestamp":"2022-09-29T08:15:29.048Z"}
{"level":"info","message":"Listening on port 5000","timestamp":"2022-09-29T08:15:29.583Z"}
{"level":"info","message":"Connected to starship.daconsulting.co.za/playground...","timestamp":"2022-09-29T08:15:30.720Z"}
{"level":"info","message":"Connected to starship.daconsulting.co.za/playground...","timestamp":"2022-09-29T08:15:31.302Z"}
{"level":"info","message":"Listening on port 5000","timestamp":"2022-09-29T08:21:19.550Z"}
{"level":"info","message":"Listening on port 5000","timestamp":"2022-09-29T08:21:19.988Z"}
{"level":"info","message":"Connected to starship.daconsulting.co.za/playground...","timestamp":"2022-09-29T08:21:21.214Z"}
{"level":"info","message":"Connected to starship.daconsulting.co.za/playground...","timestamp":"2022-09-29T08:21:21.685Z"}
{"level":"info","message":"Listening on port 5000","timestamp":"2022-09-29T08:52:24.378Z"}
{"level":"info","message":"Listening on port 5000","timestamp":"2022-09-29T08:52:24.458Z"}
{"level":"info","message":"Connected to starship.daconsulting.co.za/playground...","timestamp":"2022-09-29T08:52:25.846Z"}
{"level":"info","message":"Connected to starship.daconsulting.co.za/playground...","timestamp":"2022-09-29T08:52:25.879Z"}
{"level":"info","message":"Listening on port 5000","timestamp":"2022-09-29T08:54:09.137Z"}
{"level":"info","message":"Listening on port 5000","timestamp":"2022-09-29T08:54:09.155Z"}
{"level":"info","message":"Connected to starship.daconsulting.co.za/playground...","timestamp":"2022-09-29T08:54:10.573Z"}
{"level":"info","message":"Connected to starship.daconsulting.co.za/playground...","timestamp":"2022-09-29T08:54:10.587Z"}
{"level":"info","message":"Listening on port 5000","timestamp":"2022-09-29T08:56:21.642Z"}
{"level":"info","message":"Listening on port 5000","timestamp":"2022-09-29T08:56:21.698Z"}
{"level":"info","message":"Connected to starship.daconsulting.co.za/playground...","timestamp":"2022-09-29T08:56:23.062Z"}
{"level":"info","message":"Connected to starship.daconsulting.co.za/playground...","timestamp":"2022-09-29T08:56:23.066Z"}
{"level":"info","message":"Listening on port 5000","timestamp":"2022-09-29T08:57:04.845Z"}
{"level":"info","message":"Listening on port 5000","timestamp":"2022-09-29T08:57:04.898Z"}
{"level":"info","message":"Connected to starship.daconsulting.co.za/playground...","timestamp":"2022-09-29T08:57:06.268Z"}
{"level":"info","message":"Connected to starship.daconsulting.co.za/playground...","timestamp":"2022-09-29T08:57:06.290Z"}
{"level":"info","message":"Listening on port 5000","timestamp":"2022-09-29T08:59:12.714Z"}
{"level":"info","message":"Listening on port 5000","timestamp":"2022-09-29T08:59:13.157Z"}
{"level":"info","message":"Connected to starship.daconsulting.co.za/playground...","timestamp":"2022-09-29T08:59:14.119Z"}
{"level":"info","message":"Connected to starship.daconsulting.co.za/playground...","timestamp":"2022-09-29T08:59:14.568Z"}
{"level":"info","message":"Listening on port 5000","timestamp":"2022-09-29T09:14:19.886Z"}
{"level":"info","message":"Listening on port 5000","timestamp":"2022-09-29T09:14:20.547Z"}
{"level":"info","message":"Connected to starship.daconsulting.co.za/playground...","timestamp":"2022-09-29T09:14:21.584Z"}
{"level":"info","message":"Connected to starship.daconsulting.co.za/playground...","timestamp":"2022-09-29T09:14:22.008Z"}
{"level":"info","message":"Listening on port 5000","timestamp":"2022-09-29T09:17:27.427Z"}
{"level":"info","message":"Listening on port 5000","timestamp":"2022-09-29T09:17:28.001Z"}
{"level":"info","message":"Connected to starship.daconsulting.co.za/playground...","timestamp":"2022-09-29T09:17:28.797Z"}
{"level":"info","message":"Connected to starship.daconsulting.co.za/playground...","timestamp":"2022-09-29T09:17:29.478Z"}
{"level":"info","message":"Listening on port 5000","timestamp":"2022-09-29T09:17:55.262Z"}
{"level":"info","message":"Listening on port 5000","timestamp":"2022-09-29T09:17:55.394Z"}
{"level":"info","message":"Connected to starship.daconsulting.co.za/playground...","timestamp":"2022-09-29T09:17:56.599Z"}
{"level":"info","message":"Connected to starship.daconsulting.co.za/playground...","timestamp":"2022-09-29T09:17:56.801Z"}
{"level":"info","message":"Listening on port 5000","timestamp":"2022-09-29T09:18:43.820Z"}
{"level":"info","message":"Listening on port 5000","timestamp":"2022-09-29T09:18:43.926Z"}
{"level":"info","message":"Connected to starship.daconsulting.co.za/playground...","timestamp":"2022-09-29T09:18:45.183Z"}
{"level":"info","message":"Connected to starship.daconsulting.co.za/playground...","timestamp":"2022-09-29T09:18:45.290Z"}
{"level":"info","message":"Listening on port 5000","timestamp":"2022-09-29T09:19:10.457Z"}
{"level":"info","message":"Listening on port 5000","timestamp":"2022-09-29T09:19:10.540Z"}
{"level":"info","message":"Connected to starship.daconsulting.co.za/playground...","timestamp":"2022-09-29T09:19:11.921Z"}
{"level":"info","message":"Connected to starship.daconsulting.co.za/playground...","timestamp":"2022-09-29T09:19:11.938Z"}
{"level":"info","message":"Listening on port 5000","timestamp":"2022-09-29T09:31:00.505Z"}
{"level":"info","message":"Listening on port 5000","timestamp":"2022-09-29T09:31:00.542Z"}
{"level":"info","message":"Connected to starship.daconsulting.co.za/playground...","timestamp":"2022-09-29T09:31:01.998Z"}
{"level":"info","message":"Connected to starship.daconsulting.co.za/playground...","timestamp":"2022-09-29T09:31:02.057Z"}
{"level":"info","message":"Listening on port 5000","timestamp":"2022-09-29T09:34:43.651Z"}
{"level":"info","message":"Listening on port 5000","timestamp":"2022-09-29T09:34:43.666Z"}
{"level":"info","message":"Connected to starship.daconsulting.co.za/playground...","timestamp":"2022-09-29T09:34:45.083Z"}
{"level":"info","message":"Connected to starship.daconsulting.co.za/playground...","timestamp":"2022-09-29T09:34:45.124Z"}
{"level":"info","message":"Listening on port 5000","timestamp":"2022-09-29T09:35:35.931Z"}
{"level":"info","message":"Listening on port 5000","timestamp":"2022-09-29T09:35:35.985Z"}
{"level":"info","message":"Connected to starship.daconsulting.co.za/playground...","timestamp":"2022-09-29T09:35:37.371Z"}
{"level":"info","message":"Connected to starship.daconsulting.co.za/playground...","timestamp":"2022-09-29T09:35:37.447Z"}
{"level":"info","message":"Listening on port 5000","timestamp":"2022-09-29T09:36:54.057Z"}
{"level":"info","message":"Listening on port 5000","timestamp":"2022-09-29T09:36:54.106Z"}
{"level":"info","message":"Connected to starship.daconsulting.co.za/playground...","timestamp":"2022-09-29T09:36:55.500Z"}
{"level":"info","message":"Connected to starship.daconsulting.co.za/playground...","timestamp":"2022-09-29T09:36:55.526Z"}
{"level":"info","message":"Listening on port 5000","timestamp":"2022-09-29T09:41:09.852Z"}
{"level":"info","message":"Listening on port 5000","timestamp":"2022-09-29T09:41:09.858Z"}
{"level":"info","message":"Connected to starship.daconsulting.co.za/playground...","timestamp":"2022-09-29T09:41:11.282Z"}
{"level":"info","message":"Connected to starship.daconsulting.co.za/playground...","timestamp":"2022-09-29T09:41:11.295Z"}
{"level":"info","message":"Listening on port 3000","timestamp":"2022-09-29T09:54:14.406Z"}
{"level":"info","message":"Listening on port 3000","timestamp":"2022-09-29T09:54:14.436Z"}
{"message":"Operation `genres.insertOne()` buffering timed out after 10000ms","stack":"MongooseError: Operation `genres.insertOne()` buffering timed out after 10000ms\n    at Timeout.<anonymous> (/mnt/d/projects/dapp/nodejs-starter/genres-endpoint/node_modules/mongoose/lib/drivers/node-mongodb-native/collection.js:151:23)\n    at listOnTimeout (internal/timers.js:554:17)\n    at processTimers (internal/timers.js:497:7)","level":"error","timestamp":"2022-09-29T09:54:30.686Z"}
{"message":"Operation `genres.insertOne()` buffering timed out after 10000ms","stack":"MongooseError: Operation `genres.insertOne()` buffering timed out after 10000ms\n    at Timeout.<anonymous> (/mnt/d/projects/dapp/nodejs-starter/genres-endpoint/node_modules/mongoose/lib/drivers/node-mongodb-native/collection.js:151:23)\n    at listOnTimeout (internal/timers.js:554:17)\n    at processTimers (internal/timers.js:497:7)","level":"error","timestamp":"2022-09-29T09:54:55.707Z"}
{"level":"info","message":"Listening on port 5000","timestamp":"2022-09-29T09:55:38.682Z"}
{"level":"info","message":"Listening on port 5000","timestamp":"2022-09-29T09:55:38.700Z"}
{"level":"info","message":"Connected to starship.daconsulting.co.za/playground...","timestamp":"2022-09-29T09:55:40.153Z"}
{"level":"info","message":"Connected to starship.daconsulting.co.za/playground...","timestamp":"2022-09-29T09:55:40.156Z"}
{"level":"info","message":"Listening on port 3000","timestamp":"2022-09-29T09:56:20.815Z"}
{"level":"info","message":"Listening on port 3000","timestamp":"2022-09-29T09:56:20.891Z"}
{"message":"Operation `genres.insertOne()` buffering timed out after 10000ms","stack":"MongooseError: Operation `genres.insertOne()` buffering timed out after 10000ms\n    at Timeout.setTimeout (/mnt/d/projects/dapp/nodejs-starter/genres-endpoint/node_modules/mongoose/lib/drivers/node-mongodb-native/collection.js:151:23)\n    at ontimeout (timers.js:436:11)\n    at tryOnTimeout (timers.js:300:5)\n    at listOnTimeout (timers.js:263:5)\n    at Timer.processTimers (timers.js:223:10)","level":"error","timestamp":"2022-09-29T09:56:37.186Z"}
{"message":"Operation `genres.insertOne()` buffering timed out after 10000ms","stack":"MongooseError: Operation `genres.insertOne()` buffering timed out after 10000ms\n    at Timeout.setTimeout (/mnt/d/projects/dapp/nodejs-starter/genres-endpoint/node_modules/mongoose/lib/drivers/node-mongodb-native/collection.js:151:23)\n    at ontimeout (timers.js:436:11)\n    at tryOnTimeout (timers.js:300:5)\n    at listOnTimeout (timers.js:263:5)\n    at Timer.processTimers (timers.js:223:10)","level":"error","timestamp":"2022-09-29T09:57:02.172Z"}
{"message":"Operation `genres.insertOne()` buffering timed out after 10000ms","stack":"MongooseError: Operation `genres.insertOne()` buffering timed out after 10000ms\n    at Timeout.setTimeout (/mnt/d/projects/dapp/nodejs-starter/genres-endpoint/node_modules/mongoose/lib/drivers/node-mongodb-native/collection.js:151:23)\n    at ontimeout (timers.js:436:11)\n    at tryOnTimeout (timers.js:300:5)\n    at listOnTimeout (timers.js:263:5)\n    at Timer.processTimers (timers.js:223:10)","level":"error","timestamp":"2022-09-29T09:57:12.237Z"}
{"level":"info","message":"Listening on port 3000","timestamp":"2022-10-04T07:38:04.521Z"}
{"level":"info","message":"Listening on port 3000","timestamp":"2022-10-04T07:38:04.530Z"}
{"message":"Operation `genres.insertOne()` buffering timed out after 10000ms","stack":"MongooseError: Operation `genres.insertOne()` buffering timed out after 10000ms\n    at Timeout.setTimeout (/mnt/d/projects/dapp/nodejs-starter/genres-endpoint/node_modules/mongoose/lib/drivers/node-mongodb-native/collection.js:151:23)\n    at ontimeout (timers.js:436:11)\n    at tryOnTimeout (timers.js:300:5)\n    at listOnTimeout (timers.js:263:5)\n    at Timer.processTimers (timers.js:223:10)","level":"error","timestamp":"2022-10-04T07:38:21.114Z"}
{"message":"Operation `genres.insertOne()` buffering timed out after 10000ms","stack":"MongooseError: Operation `genres.insertOne()` buffering timed out after 10000ms\n    at Timeout.setTimeout (/mnt/d/projects/dapp/nodejs-starter/genres-endpoint/node_modules/mongoose/lib/drivers/node-mongodb-native/collection.js:151:23)\n    at ontimeout (timers.js:436:11)\n    at tryOnTimeout (timers.js:300:5)\n    at listOnTimeout (timers.js:263:5)\n    at Timer.processTimers (timers.js:223:10)","level":"error","timestamp":"2022-10-04T07:38:46.159Z"}
{"level":"info","message":"Listening on port 5000","timestamp":"2022-10-04T07:40:50.686Z"}
{"level":"info","message":"Listening on port 5000","timestamp":"2022-10-04T07:40:50.695Z"}
{"level":"info","message":"Connected to starship.daconsulting.co.za/playground...","timestamp":"2022-10-04T07:40:52.374Z"}
{"level":"info","message":"Connected to starship.daconsulting.co.za/playground...","timestamp":"2022-10-04T07:40:52.392Z"}
{"level":"info","message":"Listening on port 5000","timestamp":"2022-10-04T08:35:41.934Z"}
{"level":"info","message":"Listening on port 5000","timestamp":"2022-10-04T08:35:42.004Z"}
{"level":"info","message":"Connected to starship.daconsulting.co.za/playground...","timestamp":"2022-10-04T08:35:43.618Z"}
{"level":"info","message":"Connected to starship.daconsulting.co.za/playground...","timestamp":"2022-10-04T08:35:43.665Z"}
{"level":"info","message":"Listening on port 5000","timestamp":"2022-10-04T08:59:02.200Z"}
{"level":"info","message":"Listening on port 5000","timestamp":"2022-10-04T08:59:02.287Z"}
{"level":"info","message":"Connected to starship.daconsulting.co.za/playground...","timestamp":"2022-10-04T08:59:03.902Z"}
{"level":"info","message":"Connected to starship.daconsulting.co.za/playground...","timestamp":"2022-10-04T08:59:03.989Z"}
